<?xml version="1.0" encoding="UTF-8"?>
<!-- Generated by org.testng.reporters.JUnitReportReporter -->
<testsuite skipped="0" hostname="DESKTOP-02AJMVU" name="com.regression.Test_1" tests="1" failures="0" timestamp="2020-04-29T17:16:38 CDT" time="31.017" errors="0">
  <testcase name="f" time="31.017" classname="com.regression.Test_1"/>
  <system-out/>
</testsuite> <!-- com.regression.Test_1 -->
