<?xml version="1.0" encoding="UTF-8"?>
<!-- Generated by org.testng.reporters.JUnitReportReporter -->
<testsuite skipped="0" hostname="DESKTOP-02AJMVU" name="com.regression.Flight_Second_Test" tests="1" failures="0" timestamp="2020-04-24T16:51:43 CDT" time="0.003" errors="0">
  <testcase name="f" time="0.003" classname="com.regression.Flight_Second_Test"/>
  <system-out/>
</testsuite> <!-- com.regression.Flight_Second_Test -->
