<?xml version="1.0" encoding="UTF-8"?>
<!-- Generated by org.testng.reporters.JUnitReportReporter -->
<testsuite skipped="1" hostname="DESKTOP-02AJMVU" name="com.regression.Flight_Test_Singleton" tests="1" failures="0" timestamp="2020-04-29T14:47:05 CDT" time="2.065" errors="0">
  <testcase name="h" time="2.065" classname="com.regression.Flight_Test_Singleton">
    <skipped/>
  </testcase> <!-- h -->
  <system-out/>
</testsuite> <!-- com.regression.Flight_Test_Singleton -->
